<?xml version="1.0" encoding="UTF-8"?>
<!-- Generated by org.testng.reporters.JUnitReportReporter -->
<testsuite hostname="VENKAT" failures="0" tests="1" name="runner.runCuke" time="0.180" errors="0" timestamp="2024-04-09T01:43:48 IST" skipped="0">
  <testcase classname="runner.runCuke" name="runScenario" time="0.180"/>
</testsuite> <!-- runner.runCuke -->
