<?xml version="1.0" encoding="UTF-8"?>
<!-- Generated by org.testng.reporters.JUnitReportReporter -->
<testsuite hostname="VENKAT" failures="0" tests="3" name="runner.runCuke2" time="0.608" errors="0" timestamp="2024-04-09T02:00:29 IST" skipped="0">
  <testcase classname="runner.runCuke2" name="runScenario" time="0.031"/>
  <testcase classname="runner.runCuke2" name="runScenario" time="0.542"/>
  <testcase classname="runner.runCuke2" name="runScenario" time="0.035"/>
</testsuite> <!-- runner.runCuke2 -->
